#
# A fatal error has been detected by the Java Runtime Environment:
#
#  EXCEPTION_ACCESS_VIOLATION (0xc0000005) at pc=0x656d0ac4, pid=25512, tid=25596
#
# JRE version: 7.0-b147
# Java VM: Java HotSpot(TM) Client VM (21.0-b17 mixed mode, sharing windows-x86 )
# Problematic frame:
# C  [awt.dll+0x70ac4]
#
# Failed to write core dump. Minidumps are not enabled by default on client versions of Windows
#
# If you would like to submit a bug report, please visit:
#   http://bugreport.sun.com/bugreport/crash.jsp
# The crash happened outside the Java Virtual Machine in native code.
# See problematic frame for where to report the bug.
#

---------------  T H R E A D  ---------------

Current thread (0x01207000):  JavaThread "AWT-Windows" daemon [_thread_in_native, id=25596, stack(0x03a80000,0x03ad0000)]

siginfo: ExceptionCode=0xc0000005, reading address 0x0c6f5592

Registers:
EAX=0x03e331f8, EBX=0x00007103, ECX=0x03e331f8, EDX=0x0c6f558a
ESP=0x03acf5c4, EBP=0x03acf628, ESI=0x03eb8388, EDI=0x0000010f
EIP=0x656d0ac4, EFLAGS=0x00010202

Top of Stack: (sp=0x03acf5c4)
0x03acf5c4:   656d2570 00007103 00000000 00000000
0x03acf5d4:   afa2989c 00000112 03eb8388 00007103
0x03acf5e4:   01207000 01207128 03eb83dc 03eb8388
0x03acf5f4:   00000000 00000001 00000001 00000000
0x03acf604:   00000000 00514af0 03acf628 7580437a
0x03acf614:   00514af0 afa2989c 03acf690 6571262b
0x03acf624:   00000001 03acf64c 656f27f6 00000111
0x03acf634:   00007103 00000000 03acf718 03eb8388 

Instructions: (pc=0x656d0ac4)
0x656d0aa4:   24 08 00 75 20 ff 74 24 04 b9 d0 b1 75 65 e8 f9
0x656d0ab4:   d4 01 00 85 c0 75 05 6a 02 58 eb 28 8b 10 8b c8
0x656d0ac4:   ff 52 08 eb f2 ff 74 24 08 e8 55 f1 ff ff 59 85
0x656d0ad4:   c0 74 0e ff 74 24 0c 8b 10 8b c8 ff 92 48 01 00 


Register to memory mapping:

EAX=0x03e331f8 is an unknown value
EBX=0x00007103 is an unknown value
ECX=0x03e331f8 is an unknown value
EDX=0x0c6f558a is an unknown value
ESP=0x03acf5c4 is pointing into the stack for thread: 0x01207000
EBP=0x03acf628 is pointing into the stack for thread: 0x01207000
ESI=0x03eb8388 is an unknown value
EDI=0x0000010f is an unknown value


Stack: [0x03a80000,0x03ad0000],  sp=0x03acf5c4,  free space=317k
Native frames: (J=compiled Java code, j=interpreted, Vv=VM code, C=native code)
C  [awt.dll+0x70ac4]  Java_sun_awt_windows_WComponentPeer_setZOrder+0x1127
C  [awt.dll+0x927f6]  Java_sun_awt_windows_WToolkit_init+0x14e6
C  [awt.dll+0x7b114]  Java_sun_awt_windows_WFontMetrics_charsWidth+0x793
C  [awt.dll+0x6fcd1]  Java_sun_awt_windows_WComponentPeer_setZOrder+0x334
C  [USER32.dll+0x1c4e7]  gapfnScSendMessage+0x1cf
C  [USER32.dll+0x1c5e7]  gapfnScSendMessage+0x2cf
C  [USER32.dll+0x11b31]  PeekMessageA+0x18c
C  [USER32.dll+0x11b57]  CallWindowProcW+0x1b
C  [awt.dll+0xaf493]  Java_sun_awt_windows_ThemeReader_isGetThemeTransitionDurationDefined+0xcb
C  [COMCTL32.dll+0x2f5ee]  DefSubclassProc+0x92
C  [COMCTL32.dll+0x2f490]  DPA_Sort+0x2f7
C  [USER32.dll+0x1c4e7]  gapfnScSendMessage+0x1cf
C  [USER32.dll+0x1c5e7]  gapfnScSendMessage+0x2cf
C  [USER32.dll+0x14f0e]  GetScrollBarInfo+0xfd
C  [USER32.dll+0x14f7d]  GetScrollBarInfo+0x16c
C  [ntdll.dll+0x46fee]  KiUserCallbackDispatcher+0x2e
C  [USER32.dll+0x164a1]  PeekMessageW+0x157

Java frames: (J=compiled Java code, j=interpreted, Vv=VM code)
j  sun.awt.windows.WToolkit.eventLoop()V+0
j  sun.awt.windows.WToolkit.run()V+49
j  java.lang.Thread.run()V+11
v  ~StubRoutines::call_stub

---------------  P R O C E S S  ---------------

Java Threads: ( => current thread )
  0x01208c00 JavaThread "Thread-3" [_thread_in_native, id=25712, stack(0x063c0000,0x06410000)]
  0x01209c00 JavaThread "TimerQueue" daemon [_thread_blocked, id=25652, stack(0x06030000,0x06080000)]
  0x01209800 JavaThread "Swing-Shell" daemon [_thread_blocked, id=25628, stack(0x05e70000,0x05ec0000)]
  0x01207c00 JavaThread "DestroyJavaVM" [_thread_blocked, id=25548, stack(0x010f0000,0x01140000)]
  0x01207800 JavaThread "AWT-EventQueue-0" [_thread_blocked, id=25600, stack(0x04030000,0x04080000)]
=>0x01207000 JavaThread "AWT-Windows" daemon [_thread_in_native, id=25596, stack(0x03a80000,0x03ad0000)]
  0x01206c00 JavaThread "AWT-Shutdown" [_thread_blocked, id=25592, stack(0x01910000,0x01960000)]
  0x01206400 JavaThread "Java2D Disposer" daemon [_thread_blocked, id=25588, stack(0x04100000,0x04150000)]
  0x01206000 JavaThread "Service Thread" daemon [_thread_blocked, id=25580, stack(0x03d50000,0x03da0000)]
  0x0120e800 JavaThread "C1 CompilerThread0" daemon [_thread_blocked, id=25576, stack(0x03b60000,0x03bb0000)]
  0x01205800 JavaThread "Attach Listener" daemon [_thread_blocked, id=25572, stack(0x03d00000,0x03d50000)]
  0x01205400 JavaThread "Signal Dispatcher" daemon [_thread_blocked, id=25568, stack(0x03c70000,0x03cc0000)]
  0x011fac00 JavaThread "Finalizer" daemon [_thread_blocked, id=25560, stack(0x03ad0000,0x03b20000)]
  0x011f5c00 JavaThread "Reference Handler" daemon [_thread_blocked, id=25556, stack(0x01890000,0x018e0000)]

Other Threads:
  0x011f3400 VMThread [stack: 0x03a00000,0x03a50000] [id=25552]
  0x01211400 WatcherThread [stack: 0x03de0000,0x03e30000] [id=25584]

VM state:not at safepoint (normal execution)

VM Mutex/Monitor currently owned by a thread: None

Heap
 def new generation   total 4928K, used 3974K [0x23930000, 0x23e80000, 0x28e80000)
  eden space 4416K,  78% used [0x23930000, 0x23c91a40, 0x23d80000)
  from space 512K, 100% used [0x23d80000, 0x23e00000, 0x23e00000)
  to   space 512K,   0% used [0x23e00000, 0x23e00000, 0x23e80000)
 tenured generation   total 10944K, used 3356K [0x28e80000, 0x29930000, 0x33930000)
   the space 10944K,  30% used [0x28e80000, 0x291c7008, 0x291c7200, 0x29930000)
 compacting perm gen  total 12288K, used 2896K [0x33930000, 0x34530000, 0x37930000)
   the space 12288K,  23% used [0x33930000, 0x33c04270, 0x33c04400, 0x34530000)
    ro space 10240K,  45% used [0x37930000, 0x37db1888, 0x37db1a00, 0x38330000)
    rw space 12288K,  54% used [0x38330000, 0x389b04f8, 0x389b0600, 0x38f30000)

Code Cache  [0x019b0000, 0x01ad8000, 0x039b0000)
 total_blobs=770 nmethods=549 adapters=153 free_code_cache=31593Kb largest_free_block=32351552

Dynamic libraries:
0x01360000 - 0x0138e000 	C:\Program Files\Java\jdk1.7.0\bin\java.exe
0x773a0000 - 0x774dc000 	C:\Windows\SYSTEM32\ntdll.dll
0x75e80000 - 0x75f54000 	C:\Windows\system32\kernel32.dll
0x755d0000 - 0x7561a000 	C:\Windows\system32\KERNELBASE.dll
0x77530000 - 0x775d0000 	C:\Windows\system32\ADVAPI32.dll
0x76510000 - 0x765bc000 	C:\Windows\system32\msvcrt.dll
0x75950000 - 0x75969000 	C:\Windows\SYSTEM32\sechost.dll
0x75b10000 - 0x75bb1000 	C:\Windows\system32\RPCRT4.dll
0x757f0000 - 0x758b9000 	C:\Windows\system32\USER32.dll
0x764c0000 - 0x7650e000 	C:\Windows\system32\GDI32.dll
0x774f0000 - 0x774fa000 	C:\Windows\system32\LPK.dll
0x75f60000 - 0x75ffd000 	C:\Windows\system32\USP10.dll
0x74480000 - 0x7461e000 	C:\Windows\WinSxS\x86_microsoft.windows.common-controls_6595b64144ccf1df_6.0.7601.17514_none_41e6975e2bd6f2b2\COMCTL32.dll
0x759d0000 - 0x75a27000 	C:\Windows\system32\SHLWAPI.dll
0x77500000 - 0x7751f000 	C:\Windows\system32\IMM32.DLL
0x75a40000 - 0x75b0c000 	C:\Windows\system32\MSCTF.dll
0x65830000 - 0x658ee000 	C:\Program Files\Java\jdk1.7.0\jre\bin\msvcr100.dll
0x658f0000 - 0x65c11000 	C:\Program Files\Java\jdk1.7.0\jre\bin\client\jvm.dll
0x6f620000 - 0x6f627000 	C:\Windows\system32\WSOCK32.dll
0x75e40000 - 0x75e75000 	C:\Windows\system32\WS2_32.dll
0x75a30000 - 0x75a36000 	C:\Windows\system32\NSI.dll
0x71540000 - 0x71572000 	C:\Windows\system32\WINMM.dll
0x774e0000 - 0x774e5000 	C:\Windows\system32\PSAPI.DLL
0x66b10000 - 0x66b1c000 	C:\Program Files\Java\jdk1.7.0\jre\bin\verify.dll
0x65810000 - 0x65830000 	C:\Program Files\Java\jdk1.7.0\jre\bin\java.dll
0x66090000 - 0x660a3000 	C:\Program Files\Java\jdk1.7.0\jre\bin\zip.dll
0x65660000 - 0x657a2000 	C:\Program Files\Java\jdk1.7.0\jre\bin\awt.dll
0x76000000 - 0x7608f000 	C:\Windows\system32\OLEAUT32.dll
0x77240000 - 0x7739c000 	C:\Windows\system32\ole32.dll
0x743a0000 - 0x743e0000 	C:\Windows\system32\uxtheme.dll
0x73ee0000 - 0x73ef3000 	C:\Windows\system32\dwmapi.dll
0x75470000 - 0x7547c000 	C:\Windows\system32\CRYPTBASE.dll
0x765f0000 - 0x7723a000 	C:\Windows\system32\SHELL32.dll
0x65630000 - 0x6565a000 	C:\Program Files\Java\jdk1.7.0\jre\bin\fontmanager.dll
0x657b0000 - 0x657c4000 	C:\Program Files\Java\jdk1.7.0\jre\bin\net.dll
0x74f60000 - 0x74f9c000 	C:\Windows\system32\mswsock.dll
0x74f50000 - 0x74f56000 	C:\Windows\System32\wship6.dll
0x6fed0000 - 0x6fedf000 	C:\Program Files\Java\jdk1.7.0\jre\bin\nio.dll
0x758c0000 - 0x75943000 	C:\Windows\system32\CLBCatQ.DLL
0x73db0000 - 0x73eab000 	C:\Windows\system32\WindowsCodecs.dll
0x75420000 - 0x7546c000 	C:\Windows\system32\apphelp.dll
0x714c0000 - 0x714f1000 	C:\Windows\system32\EhStorShell.dll
0x762d0000 - 0x7646d000 	C:\Windows\system32\SETUPAPI.dll
0x755a0000 - 0x755c7000 	C:\Windows\system32\CFGMGR32.dll
0x757d0000 - 0x757e2000 	C:\Windows\system32\DEVOBJ.dll
0x741a0000 - 0x74295000 	C:\Windows\system32\PROPSYS.dll
0x661c0000 - 0x663dd000 	C:\PROGRA~1\MICROS~1\Office12\GR469A~1.DLL
0x68ef0000 - 0x68fe1000 	C:\PROGRA~1\MICROS~1\Office12\GrooveUtil.DLL
0x761d0000 - 0x762c5000 	C:\Windows\system32\WININET.dll
0x76090000 - 0x761c6000 	C:\Windows\system32\urlmon.dll
0x756b0000 - 0x757cd000 	C:\Windows\system32\CRYPT32.dll
0x75560000 - 0x7556c000 	C:\Windows\system32\MSASN1.dll
0x75c40000 - 0x75e3b000 	C:\Windows\system32\iertutil.dll
0x71420000 - 0x714bb000 	C:\Windows\WinSxS\x86_microsoft.vc80.crt_1fc8b3b9a1e18e3b_8.0.50727.4940_none_d08cc06a442b34fc\MSVCR80.dll
0x68ff0000 - 0x68ff7000 	C:\PROGRA~1\MICROS~1\Office12\GrooveNew.DLL
0x749f0000 - 0x749f9000 	C:\Windows\system32\VERSION.dll
0x70ce0000 - 0x70cfb000 	C:\Windows\WinSxS\x86_microsoft.vc80.atl_1fc8b3b9a1e18e3b_8.0.50727.762_none_11ecb0ab9b2caf3c\ATL80.DLL
0x74fa0000 - 0x74fb6000 	C:\Windows\system32\CRYPTSP.dll
0x74d40000 - 0x74d7b000 	C:\Windows\system32\rsaenh.dll
0x70cd0000 - 0x70cd5000 	C:\Windows\system32\MSImg32.dll
0x70ac0000 - 0x70ac7000 	C:\Program Files\Internet Download Manager\IDMShellExt.dll
0x6f8a0000 - 0x6f90a000 	C:\Windows\System32\cscui.dll
0x6f890000 - 0x6f899000 	C:\Windows\System32\CSCDLL.dll
0x6f880000 - 0x6f88b000 	C:\Windows\system32\CSCAPI.dll
0x6f810000 - 0x6f880000 	C:\Windows\system32\ntshrui.dll
0x751b0000 - 0x751c9000 	C:\Windows\system32\srvcli.dll
0x73790000 - 0x7379a000 	C:\Windows\system32\slc.dll
0x655f0000 - 0x65621000 	C:\Program Files\Java\jdk1.7.0\jre\bin\t2k.dll
0x6c130000 - 0x6c1b4000 	C:\Windows\WinSxS\x86_microsoft.windows.common-controls_6595b64144ccf1df_5.82.7601.17514_none_ec83dffa859149af\comctl32.dll
0x73a30000 - 0x73a51000 	C:\Windows\system32\ntmarta.dll
0x76470000 - 0x764b5000 	C:\Windows\system32\WLDAP32.dll
0x6c250000 - 0x6c3e8000 	C:\Windows\system32\NetworkExplorer.dll
0x6f700000 - 0x6f72e000 	C:\Windows\System32\shdocvw.dll
0x754f0000 - 0x754fb000 	C:\Windows\system32\profapi.dll
0x71ad0000 - 0x71ae2000 	C:\Windows\system32\MPR.dll
0x66070000 - 0x66078000 	C:\Windows\System32\drprov.dll
0x74be0000 - 0x74c09000 	C:\Windows\System32\WINSTA.dll
0x64f00000 - 0x64f14000 	C:\Windows\System32\ntlanman.dll
0x64ee0000 - 0x64ef7000 	C:\Windows\System32\davclnt.dll
0x65ea0000 - 0x65ea8000 	C:\Windows\System32\DAVHLPR.dll
0x73c70000 - 0x73c7f000 	C:\Windows\system32\wkscli.dll
0x73c80000 - 0x73c89000 	C:\Windows\system32\netutils.dll
0x63610000 - 0x63848000 	C:\Windows\system32\wpdshext.dll
0x74000000 - 0x74190000 	C:\Windows\WinSxS\x86_microsoft.windows.gdiplus_6595b64144ccf1df_1.1.7601.17514_none_72d18a4386696c80\gdiplus.dll
0x696f0000 - 0x69779000 	C:\Windows\system32\PortableDeviceApi.dll
0x75570000 - 0x7559d000 	C:\Windows\system32\WINTRUST.dll
0x64ea0000 - 0x64edf000 	C:\Windows\system32\audiodev.dll
0x63020000 - 0x63287000 	C:\Windows\system32\WMVCore.DLL
0x64e60000 - 0x64e9d000 	C:\Windows\system32\WMASF.DLL
0x64d00000 - 0x64d22000 	C:\Windows\system32\EhStorAPI.dll
0x6f520000 - 0x6f529000 	C:\Windows\system32\LINKINFO.dll
0x752c0000 - 0x752c8000 	C:\Windows\system32\Secur32.dll
0x75400000 - 0x7541b000 	C:\Windows\system32\SSPICLI.DLL
0x73c60000 - 0x73c6f000 	C:\Windows\system32\samcli.dll
0x742a0000 - 0x742b2000 	C:\Windows\system32\SAMLIB.dll
0x10000000 - 0x10008000 	C:\Program Files\Internet Download Manager\idmmkb.dll
0x65f10000 - 0x65f1c000 	C:\Program Files\Common Files\Microsoft Shared\OFFICE12\MSOXEV.DLL
0x738f0000 - 0x73900000 	C:\Windows\system32\NLAapi.dll
0x6ef60000 - 0x6ef70000 	C:\Windows\system32\napinsp.dll
0x6ee60000 - 0x6ee72000 	C:\Windows\system32\pnrpnsp.dll
0x74e20000 - 0x74e64000 	C:\Windows\system32\DNSAPI.dll
0x6ee50000 - 0x6ee58000 	C:\Windows\System32\winrnr.dll
0x74a80000 - 0x74a85000 	C:\Windows\System32\wshtcpip.dll
0x73680000 - 0x7369c000 	C:\Windows\system32\IPHLPAPI.DLL
0x73670000 - 0x73677000 	C:\Windows\system32\WINNSI.DLL
0x71ac0000 - 0x71ac6000 	C:\Windows\system32\rasadhlp.dll
0x73570000 - 0x735a8000 	C:\Windows\System32\fwpuclnt.dll

VM Arguments:
jvm_args: -Dfile.encoding=UTF-8 
java_command: com.socket.ServerFrame
Launcher Type: SUN_STANDARD

Environment Variables:
PATH=C:\oraclexe\app\oracle\product\10.2.0\server\bin;C:\Windows\system32;C:\Windows;C:\Windows\System32\Wbem;C:\Windows\System32\WindowsPowerShell\v1.0\;C:\Program Files\Intel\OpenCL SDK\2.0\bin\x86;C:\Program Files\Microsoft SQL Server\90\Tools\binn\
USERNAME=Dell
OS=Windows_NT
PROCESSOR_IDENTIFIER=x86 Family 6 Model 42 Stepping 7, GenuineIntel



---------------  S Y S T E M  ---------------

OS: Windows 7 Build 7601 Service Pack 1

CPU:total 4 (2 cores per cpu, 2 threads per core) family 6 model 42 stepping 7, cmov, cx8, fxsr, mmx, sse, sse2, sse3, ssse3, sse4.1, sse4.2, popcnt, ht

Memory: 4k page, physical 1999932k(1339776k free), swap 3999864k(2393708k free)

vm_info: Java HotSpot(TM) Client VM (21.0-b17) for windows-x86 JRE (1.7.0-b147), built on Jun 27 2011 02:25:52 by "java_re" with unknown MS VC++:1600

time: Mon Sep 23 01:55:16 2013
elapsed time: 416 seconds

